yarn run v1.22.22
$ next start
  ▲ Next.js 14.2.4
  - Local:        http://localhost:3000

 ✓ Starting...
 ✓ Ready in 1326ms
TypeError: Cannot read properties of undefined (reading 'hasHydrated')
    at /home/gensyn/rl_swarm/modal-login/.next/server/chunks/983.js:95:24083
    at m (/home/gensyn/rl_swarm/modal-login/.next/server/chunks/983.js:95:24991)
    at nj (/home/gensyn/rl_swarm/modal-login/node_modules/next/dist/compiled/next-server/app-page.runtime.prod.js:12:46251)
    at nM (/home/gensyn/rl_swarm/modal-login/node_modules/next/dist/compiled/next-server/app-page.runtime.prod.js:12:47571)
    at nN (/home/gensyn/rl_swarm/modal-login/node_modules/next/dist/compiled/next-server/app-page.runtime.prod.js:12:64546)
    at nI (/home/gensyn/rl_swarm/modal-login/node_modules/next/dist/compiled/next-server/app-page.runtime.prod.js:12:47010)
    at nM (/home/gensyn/rl_swarm/modal-login/node_modules/next/dist/compiled/next-server/app-page.runtime.prod.js:12:47717)
    at nN (/home/gensyn/rl_swarm/modal-login/node_modules/next/dist/compiled/next-server/app-page.runtime.prod.js:12:64546)
    at nM (/home/gensyn/rl_swarm/modal-login/node_modules/next/dist/compiled/next-server/app-page.runtime.prod.js:12:61156)
    at nN (/home/gensyn/rl_swarm/modal-login/node_modules/next/dist/compiled/next-server/app-page.runtime.prod.js:12:64546) {
  digest: '3338430845'
}
yarn run v1.22.22
$ next start
  ▲ Next.js 14.2.4
  - Local:        http://localhost:3000

 ✓ Starting...
 ✓ Ready in 1192ms
TypeError: Cannot read properties of undefined (reading 'hasHydrated')
    at /home/gensyn/rl_swarm/modal-login/.next/server/chunks/983.js:95:24083
    at m (/home/gensyn/rl_swarm/modal-login/.next/server/chunks/983.js:95:24991)
    at nj (/home/gensyn/rl_swarm/modal-login/node_modules/next/dist/compiled/next-server/app-page.runtime.prod.js:12:46251)
    at nM (/home/gensyn/rl_swarm/modal-login/node_modules/next/dist/compiled/next-server/app-page.runtime.prod.js:12:47571)
    at nN (/home/gensyn/rl_swarm/modal-login/node_modules/next/dist/compiled/next-server/app-page.runtime.prod.js:12:64546)
    at nI (/home/gensyn/rl_swarm/modal-login/node_modules/next/dist/compiled/next-server/app-page.runtime.prod.js:12:47010)
    at nM (/home/gensyn/rl_swarm/modal-login/node_modules/next/dist/compiled/next-server/app-page.runtime.prod.js:12:47717)
    at nN (/home/gensyn/rl_swarm/modal-login/node_modules/next/dist/compiled/next-server/app-page.runtime.prod.js:12:64546)
    at nM (/home/gensyn/rl_swarm/modal-login/node_modules/next/dist/compiled/next-server/app-page.runtime.prod.js:12:61156)
    at nN (/home/gensyn/rl_swarm/modal-login/node_modules/next/dist/compiled/next-server/app-page.runtime.prod.js:12:64546) {
  digest: '3338430845'
}
yarn run v1.22.22
$ next start
  ▲ Next.js 14.2.4
  - Local:        http://localhost:3000

 ✓ Starting...
 ✓ Ready in 911ms
TypeError: Cannot read properties of undefined (reading 'hasHydrated')
    at /home/gensyn/rl_swarm/modal-login/.next/server/chunks/983.js:95:24083
    at m (/home/gensyn/rl_swarm/modal-login/.next/server/chunks/983.js:95:24991)
    at nj (/home/gensyn/rl_swarm/modal-login/node_modules/next/dist/compiled/next-server/app-page.runtime.prod.js:12:46251)
    at nM (/home/gensyn/rl_swarm/modal-login/node_modules/next/dist/compiled/next-server/app-page.runtime.prod.js:12:47571)
    at nN (/home/gensyn/rl_swarm/modal-login/node_modules/next/dist/compiled/next-server/app-page.runtime.prod.js:12:64546)
    at nI (/home/gensyn/rl_swarm/modal-login/node_modules/next/dist/compiled/next-server/app-page.runtime.prod.js:12:47010)
    at nM (/home/gensyn/rl_swarm/modal-login/node_modules/next/dist/compiled/next-server/app-page.runtime.prod.js:12:47717)
    at nN (/home/gensyn/rl_swarm/modal-login/node_modules/next/dist/compiled/next-server/app-page.runtime.prod.js:12:64546)
    at nM (/home/gensyn/rl_swarm/modal-login/node_modules/next/dist/compiled/next-server/app-page.runtime.prod.js:12:61156)
    at nN (/home/gensyn/rl_swarm/modal-login/node_modules/next/dist/compiled/next-server/app-page.runtime.prod.js:12:64546) {
  digest: '3338430845'
}
1641cac4-6f83-4456-bc7f-b76b516dbb60
0xFaD7C5e93f28257429569B854151A1B8DCD404c2
TypeError: Cannot read properties of undefined (reading 'hasHydrated')
    at /home/gensyn/rl_swarm/modal-login/.next/server/chunks/983.js:95:24083
    at m (/home/gensyn/rl_swarm/modal-login/.next/server/chunks/983.js:95:24991)
    at nj (/home/gensyn/rl_swarm/modal-login/node_modules/next/dist/compiled/next-server/app-page.runtime.prod.js:12:46251)
    at nM (/home/gensyn/rl_swarm/modal-login/node_modules/next/dist/compiled/next-server/app-page.runtime.prod.js:12:47571)
    at nN (/home/gensyn/rl_swarm/modal-login/node_modules/next/dist/compiled/next-server/app-page.runtime.prod.js:12:64546)
    at nI (/home/gensyn/rl_swarm/modal-login/node_modules/next/dist/compiled/next-server/app-page.runtime.prod.js:12:47010)
    at nM (/home/gensyn/rl_swarm/modal-login/node_modules/next/dist/compiled/next-server/app-page.runtime.prod.js:12:47717)
    at nN (/home/gensyn/rl_swarm/modal-login/node_modules/next/dist/compiled/next-server/app-page.runtime.prod.js:12:64546)
    at nM (/home/gensyn/rl_swarm/modal-login/node_modules/next/dist/compiled/next-server/app-page.runtime.prod.js:12:61156)
    at nN (/home/gensyn/rl_swarm/modal-login/node_modules/next/dist/compiled/next-server/app-page.runtime.prod.js:12:64546) {
  digest: '3338430845'
}
TypeError: Cannot read properties of undefined (reading 'hasHydrated')
    at /home/gensyn/rl_swarm/modal-login/.next/server/chunks/983.js:95:24083
    at m (/home/gensyn/rl_swarm/modal-login/.next/server/chunks/983.js:95:24991)
    at nj (/home/gensyn/rl_swarm/modal-login/node_modules/next/dist/compiled/next-server/app-page.runtime.prod.js:12:46251)
    at nM (/home/gensyn/rl_swarm/modal-login/node_modules/next/dist/compiled/next-server/app-page.runtime.prod.js:12:47571)
    at nN (/home/gensyn/rl_swarm/modal-login/node_modules/next/dist/compiled/next-server/app-page.runtime.prod.js:12:64546)
    at nI (/home/gensyn/rl_swarm/modal-login/node_modules/next/dist/compiled/next-server/app-page.runtime.prod.js:12:47010)
    at nM (/home/gensyn/rl_swarm/modal-login/node_modules/next/dist/compiled/next-server/app-page.runtime.prod.js:12:47717)
    at nN (/home/gensyn/rl_swarm/modal-login/node_modules/next/dist/compiled/next-server/app-page.runtime.prod.js:12:64546)
    at nM (/home/gensyn/rl_swarm/modal-login/node_modules/next/dist/compiled/next-server/app-page.runtime.prod.js:12:61156)
    at nN (/home/gensyn/rl_swarm/modal-login/node_modules/next/dist/compiled/next-server/app-page.runtime.prod.js:12:64546) {
  digest: '3338430845'
}
0xFaD7C5e93f28257429569B854151A1B8DCD404c2
0xFaD7C5e93f28257429569B854151A1B8DCD404c2
0xFaD7C5e93f28257429569B854151A1B8DCD404c2
0xFaD7C5e93f28257429569B854151A1B8DCD404c2
0xFaD7C5e93f28257429569B854151A1B8DCD404c2
0xFaD7C5e93f28257429569B854151A1B8DCD404c2
TypeError: Cannot read properties of undefined (reading 'hasHydrated')
    at /home/gensyn/rl_swarm/modal-login/.next/server/chunks/983.js:95:24083
    at m (/home/gensyn/rl_swarm/modal-login/.next/server/chunks/983.js:95:24991)
    at nj (/home/gensyn/rl_swarm/modal-login/node_modules/next/dist/compiled/next-server/app-page.runtime.prod.js:12:46251)
    at nM (/home/gensyn/rl_swarm/modal-login/node_modules/next/dist/compiled/next-server/app-page.runtime.prod.js:12:47571)
    at nN (/home/gensyn/rl_swarm/modal-login/node_modules/next/dist/compiled/next-server/app-page.runtime.prod.js:12:64546)
    at nI (/home/gensyn/rl_swarm/modal-login/node_modules/next/dist/compiled/next-server/app-page.runtime.prod.js:12:47010)
    at nM (/home/gensyn/rl_swarm/modal-login/node_modules/next/dist/compiled/next-server/app-page.runtime.prod.js:12:47717)
    at nN (/home/gensyn/rl_swarm/modal-login/node_modules/next/dist/compiled/next-server/app-page.runtime.prod.js:12:64546)
    at nM (/home/gensyn/rl_swarm/modal-login/node_modules/next/dist/compiled/next-server/app-page.runtime.prod.js:12:61156)
    at nN (/home/gensyn/rl_swarm/modal-login/node_modules/next/dist/compiled/next-server/app-page.runtime.prod.js:12:64546) {
  digest: '3338430845'
}
TypeError: Cannot read properties of undefined (reading 'hasHydrated')
    at /home/gensyn/rl_swarm/modal-login/.next/server/chunks/983.js:95:24083
    at m (/home/gensyn/rl_swarm/modal-login/.next/server/chunks/983.js:95:24991)
    at nj (/home/gensyn/rl_swarm/modal-login/node_modules/next/dist/compiled/next-server/app-page.runtime.prod.js:12:46251)
    at nM (/home/gensyn/rl_swarm/modal-login/node_modules/next/dist/compiled/next-server/app-page.runtime.prod.js:12:47571)
    at nN (/home/gensyn/rl_swarm/modal-login/node_modules/next/dist/compiled/next-server/app-page.runtime.prod.js:12:64546)
    at nI (/home/gensyn/rl_swarm/modal-login/node_modules/next/dist/compiled/next-server/app-page.runtime.prod.js:12:47010)
    at nM (/home/gensyn/rl_swarm/modal-login/node_modules/next/dist/compiled/next-server/app-page.runtime.prod.js:12:47717)
    at nN (/home/gensyn/rl_swarm/modal-login/node_modules/next/dist/compiled/next-server/app-page.runtime.prod.js:12:64546)
    at nM (/home/gensyn/rl_swarm/modal-login/node_modules/next/dist/compiled/next-server/app-page.runtime.prod.js:12:61156)
    at nN (/home/gensyn/rl_swarm/modal-login/node_modules/next/dist/compiled/next-server/app-page.runtime.prod.js:12:64546) {
  digest: '3338430845'
}
TypeError: Cannot read properties of undefined (reading 'hasHydrated')
    at /home/gensyn/rl_swarm/modal-login/.next/server/chunks/983.js:95:24083
    at m (/home/gensyn/rl_swarm/modal-login/.next/server/chunks/983.js:95:24991)
    at nj (/home/gensyn/rl_swarm/modal-login/node_modules/next/dist/compiled/next-server/app-page.runtime.prod.js:12:46251)
    at nM (/home/gensyn/rl_swarm/modal-login/node_modules/next/dist/compiled/next-server/app-page.runtime.prod.js:12:47571)
    at nN (/home/gensyn/rl_swarm/modal-login/node_modules/next/dist/compiled/next-server/app-page.runtime.prod.js:12:64546)
    at nI (/home/gensyn/rl_swarm/modal-login/node_modules/next/dist/compiled/next-server/app-page.runtime.prod.js:12:47010)
    at nM (/home/gensyn/rl_swarm/modal-login/node_modules/next/dist/compiled/next-server/app-page.runtime.prod.js:12:47717)
    at nN (/home/gensyn/rl_swarm/modal-login/node_modules/next/dist/compiled/next-server/app-page.runtime.prod.js:12:64546)
    at nM (/home/gensyn/rl_swarm/modal-login/node_modules/next/dist/compiled/next-server/app-page.runtime.prod.js:12:61156)
    at nN (/home/gensyn/rl_swarm/modal-login/node_modules/next/dist/compiled/next-server/app-page.runtime.prod.js:12:64546) {
  digest: '3338430845'
}
TypeError: Cannot read properties of undefined (reading 'hasHydrated')
    at /home/gensyn/rl_swarm/modal-login/.next/server/chunks/983.js:95:24083
    at m (/home/gensyn/rl_swarm/modal-login/.next/server/chunks/983.js:95:24991)
    at nj (/home/gensyn/rl_swarm/modal-login/node_modules/next/dist/compiled/next-server/app-page.runtime.prod.js:12:46251)
    at nM (/home/gensyn/rl_swarm/modal-login/node_modules/next/dist/compiled/next-server/app-page.runtime.prod.js:12:47571)
    at nN (/home/gensyn/rl_swarm/modal-login/node_modules/next/dist/compiled/next-server/app-page.runtime.prod.js:12:64546)
    at nI (/home/gensyn/rl_swarm/modal-login/node_modules/next/dist/compiled/next-server/app-page.runtime.prod.js:12:47010)
    at nM (/home/gensyn/rl_swarm/modal-login/node_modules/next/dist/compiled/next-server/app-page.runtime.prod.js:12:47717)
    at nN (/home/gensyn/rl_swarm/modal-login/node_modules/next/dist/compiled/next-server/app-page.runtime.prod.js:12:64546)
    at nM (/home/gensyn/rl_swarm/modal-login/node_modules/next/dist/compiled/next-server/app-page.runtime.prod.js:12:61156)
    at nN (/home/gensyn/rl_swarm/modal-login/node_modules/next/dist/compiled/next-server/app-page.runtime.prod.js:12:64546) {
  digest: '3338430845'
}
0xFaD7C5e93f28257429569B854151A1B8DCD404c2
0xFaD7C5e93f28257429569B854151A1B8DCD404c2
0xFaD7C5e93f28257429569B854151A1B8DCD404c2
0xFaD7C5e93f28257429569B854151A1B8DCD404c2
TypeError: Cannot read properties of undefined (reading 'hasHydrated')
    at /home/gensyn/rl_swarm/modal-login/.next/server/chunks/983.js:95:24083
    at m (/home/gensyn/rl_swarm/modal-login/.next/server/chunks/983.js:95:24991)
    at nj (/home/gensyn/rl_swarm/modal-login/node_modules/next/dist/compiled/next-server/app-page.runtime.prod.js:12:46251)
    at nM (/home/gensyn/rl_swarm/modal-login/node_modules/next/dist/compiled/next-server/app-page.runtime.prod.js:12:47571)
    at nN (/home/gensyn/rl_swarm/modal-login/node_modules/next/dist/compiled/next-server/app-page.runtime.prod.js:12:64546)
    at nI (/home/gensyn/rl_swarm/modal-login/node_modules/next/dist/compiled/next-server/app-page.runtime.prod.js:12:47010)
    at nM (/home/gensyn/rl_swarm/modal-login/node_modules/next/dist/compiled/next-server/app-page.runtime.prod.js:12:47717)
    at nN (/home/gensyn/rl_swarm/modal-login/node_modules/next/dist/compiled/next-server/app-page.runtime.prod.js:12:64546)
    at nM (/home/gensyn/rl_swarm/modal-login/node_modules/next/dist/compiled/next-server/app-page.runtime.prod.js:12:61156)
    at nN (/home/gensyn/rl_swarm/modal-login/node_modules/next/dist/compiled/next-server/app-page.runtime.prod.js:12:64546) {
  digest: '3338430845'
}
TypeError: Cannot read properties of undefined (reading 'hasHydrated')
    at /home/gensyn/rl_swarm/modal-login/.next/server/chunks/983.js:95:24083
    at m (/home/gensyn/rl_swarm/modal-login/.next/server/chunks/983.js:95:24991)
    at nj (/home/gensyn/rl_swarm/modal-login/node_modules/next/dist/compiled/next-server/app-page.runtime.prod.js:12:46251)
    at nM (/home/gensyn/rl_swarm/modal-login/node_modules/next/dist/compiled/next-server/app-page.runtime.prod.js:12:47571)
    at nN (/home/gensyn/rl_swarm/modal-login/node_modules/next/dist/compiled/next-server/app-page.runtime.prod.js:12:64546)
    at nI (/home/gensyn/rl_swarm/modal-login/node_modules/next/dist/compiled/next-server/app-page.runtime.prod.js:12:47010)
    at nM (/home/gensyn/rl_swarm/modal-login/node_modules/next/dist/compiled/next-server/app-page.runtime.prod.js:12:47717)
    at nN (/home/gensyn/rl_swarm/modal-login/node_modules/next/dist/compiled/next-server/app-page.runtime.prod.js:12:64546)
    at nM (/home/gensyn/rl_swarm/modal-login/node_modules/next/dist/compiled/next-server/app-page.runtime.prod.js:12:61156)
    at nN (/home/gensyn/rl_swarm/modal-login/node_modules/next/dist/compiled/next-server/app-page.runtime.prod.js:12:64546) {
  digest: '3338430845'
}
TypeError: Cannot read properties of undefined (reading 'hasHydrated')
    at /home/gensyn/rl_swarm/modal-login/.next/server/chunks/983.js:95:24083
    at m (/home/gensyn/rl_swarm/modal-login/.next/server/chunks/983.js:95:24991)
    at nj (/home/gensyn/rl_swarm/modal-login/node_modules/next/dist/compiled/next-server/app-page.runtime.prod.js:12:46251)
    at nM (/home/gensyn/rl_swarm/modal-login/node_modules/next/dist/compiled/next-server/app-page.runtime.prod.js:12:47571)
    at nN (/home/gensyn/rl_swarm/modal-login/node_modules/next/dist/compiled/next-server/app-page.runtime.prod.js:12:64546)
    at nI (/home/gensyn/rl_swarm/modal-login/node_modules/next/dist/compiled/next-server/app-page.runtime.prod.js:12:47010)
    at nM (/home/gensyn/rl_swarm/modal-login/node_modules/next/dist/compiled/next-server/app-page.runtime.prod.js:12:47717)
    at nN (/home/gensyn/rl_swarm/modal-login/node_modules/next/dist/compiled/next-server/app-page.runtime.prod.js:12:64546)
    at nM (/home/gensyn/rl_swarm/modal-login/node_modules/next/dist/compiled/next-server/app-page.runtime.prod.js:12:61156)
    at nN (/home/gensyn/rl_swarm/modal-login/node_modules/next/dist/compiled/next-server/app-page.runtime.prod.js:12:64546) {
  digest: '3338430845'
}
TypeError: Cannot read properties of undefined (reading 'hasHydrated')
    at /home/gensyn/rl_swarm/modal-login/.next/server/chunks/983.js:95:24083
    at m (/home/gensyn/rl_swarm/modal-login/.next/server/chunks/983.js:95:24991)
    at nj (/home/gensyn/rl_swarm/modal-login/node_modules/next/dist/compiled/next-server/app-page.runtime.prod.js:12:46251)
    at nM (/home/gensyn/rl_swarm/modal-login/node_modules/next/dist/compiled/next-server/app-page.runtime.prod.js:12:47571)
    at nN (/home/gensyn/rl_swarm/modal-login/node_modules/next/dist/compiled/next-server/app-page.runtime.prod.js:12:64546)
    at nI (/home/gensyn/rl_swarm/modal-login/node_modules/next/dist/compiled/next-server/app-page.runtime.prod.js:12:47010)
    at nM (/home/gensyn/rl_swarm/modal-login/node_modules/next/dist/compiled/next-server/app-page.runtime.prod.js:12:47717)
    at nN (/home/gensyn/rl_swarm/modal-login/node_modules/next/dist/compiled/next-server/app-page.runtime.prod.js:12:64546)
    at nM (/home/gensyn/rl_swarm/modal-login/node_modules/next/dist/compiled/next-server/app-page.runtime.prod.js:12:61156)
    at nN (/home/gensyn/rl_swarm/modal-login/node_modules/next/dist/compiled/next-server/app-page.runtime.prod.js:12:64546) {
  digest: '3338430845'
}
TypeError: Cannot read properties of undefined (reading 'hasHydrated')
    at /home/gensyn/rl_swarm/modal-login/.next/server/chunks/983.js:95:24083
    at m (/home/gensyn/rl_swarm/modal-login/.next/server/chunks/983.js:95:24991)
    at nj (/home/gensyn/rl_swarm/modal-login/node_modules/next/dist/compiled/next-server/app-page.runtime.prod.js:12:46251)
    at nM (/home/gensyn/rl_swarm/modal-login/node_modules/next/dist/compiled/next-server/app-page.runtime.prod.js:12:47571)
    at nN (/home/gensyn/rl_swarm/modal-login/node_modules/next/dist/compiled/next-server/app-page.runtime.prod.js:12:64546)
    at nI (/home/gensyn/rl_swarm/modal-login/node_modules/next/dist/compiled/next-server/app-page.runtime.prod.js:12:47010)
    at nM (/home/gensyn/rl_swarm/modal-login/node_modules/next/dist/compiled/next-server/app-page.runtime.prod.js:12:47717)
    at nN (/home/gensyn/rl_swarm/modal-login/node_modules/next/dist/compiled/next-server/app-page.runtime.prod.js:12:64546)
    at nM (/home/gensyn/rl_swarm/modal-login/node_modules/next/dist/compiled/next-server/app-page.runtime.prod.js:12:61156)
    at nN (/home/gensyn/rl_swarm/modal-login/node_modules/next/dist/compiled/next-server/app-page.runtime.prod.js:12:64546) {
  digest: '3338430845'
}
0xFaD7C5e93f28257429569B854151A1B8DCD404c2
0xFaD7C5e93f28257429569B854151A1B8DCD404c2
0xFaD7C5e93f28257429569B854151A1B8DCD404c2
0xFaD7C5e93f28257429569B854151A1B8DCD404c2
0xFaD7C5e93f28257429569B854151A1B8DCD404c2
0xFaD7C5e93f28257429569B854151A1B8DCD404c2
Failed to parse details of request error.
"<!DOCTYPE html>\n<!--[if lt IE 7]> <html class=\"no-js ie6 oldie\" lang=\"en-US\"> <![endif]-->\n<!--[if IE 7]>    <html class=\"no-js ie7 oldie\" lang=\"en-US\"> <![endif]-->\n<!--[if IE 8]>    <html class=\"no-js ie8 oldie\" lang=\"en-US\"> <![endif]-->\n<!--[if gt IE 8]><!--> <html class=\"no-js\" lang=\"en-US\"> <!--<![endif]-->\n<head>\n\n\n<title>use1-10-archv2.private.alchemy.com | 521: Web server is down</title>\n<meta charset=\"UTF-8\" />\n<meta http-equiv=\"Content-Type\" content=\"text/html; charset=UTF-8\" />\n<meta http-equiv=\"X-UA-Compatible\" content=\"IE=Edge\" />\n<meta name=\"robots\" content=\"noindex, nofollow\" />\n<meta name=\"viewport\" content=\"width=device-width,initial-scale=1\" />\n<link rel=\"stylesheet\" id=\"cf_styles-css\" href=\"/cdn-cgi/styles/main.css\" />\n\n\n</head>\n<body>\n<div id=\"cf-wrapper\">\n    <div id=\"cf-error-details\" class=\"p-0\">\n        <header class=\"mx-auto pt-10 lg:pt-6 lg:px-8 w-240 lg:w-full mb-8\">\n            <h1 class=\"inline-block sm:block sm:mb-2 font-light text-60 lg:text-4xl text-black-dark leading-tight mr-2\">\n              <span class=\"inline-block\">Web server is down</span>\n              <span class=\"code-label\">Error code 521</span>\n            </h1>\n            <div>\n               Visit <a href=\"https://www.cloudflare.com/5xx-error-landing?utm_source=errorcode_521&utm_campaign=use1-10-archv2.private.alchemy.com\" target=\"_blank\" rel=\"noopener noreferrer\">cloudflare.com</a> for more information.\n            </div>\n            <div class=\"mt-3\">2025-07-10 21:29:37 UTC</div>\n        </header>\n        <div class=\"my-8 bg-gradient-gray\">\n            <div class=\"w-240 lg:w-full mx-auto\">\n                <div class=\"clearfix md:px-8\">\n                  \n<div id=\"cf-browser-status\" class=\" relative w-1/3 md:w-full py-15 md:p-0 md:py-8 md:text-left md:border-solid md:border-0 md:border-b md:border-gray-400 overflow-hidden float-left md:float-none text-center\">\n  <div class=\"relative mb-10 md:m-0\">\n    \n    <span class=\"cf-icon-browser block md:hidden h-20 bg-center bg-no-repeat\"></span>\n    <span class=\"cf-icon-ok w-12 h-12 absolute left-1/2 md:left-auto md:right-0 md:top-0 -ml-6 -bottom-4\"></span>\n    \n  </div>\n  <span class=\"md:block w-full truncate\">You</span>\n  <h3 class=\"md:inline-block mt-3 md:mt-0 text-2xl text-gray-600 font-light leading-1.3\">\n    \n    Browser\n    \n  </h3>\n  <span class=\"leading-1.3 text-2xl text-green-success\">Working</span>\n</div>\n\n<div id=\"cf-cloudflare-status\" class=\" relative w-1/3 md:w-full py-15 md:p-0 md:py-8 md:text-left md:border-solid md:border-0 md:border-b md:border-gray-400 overflow-hidden float-left md:float-none text-center\">\n  <div class=\"relative mb-10 md:m-0\">\n    <a href=\"https://www.cloudflare.com/5xx-error-landing?utm_source=errorcode_521&utm_campaign=use1-10-archv2.private.alchemy.com\" target=\"_blank\" rel=\"noopener noreferrer\">\n    <span class=\"cf-icon-cloud block md:hidden h-20 bg-center bg-no-repeat\"></span>\n    <span class=\"cf-icon-ok w-12 h-12 absolute left-1/2 md:left-auto md:right-0 md:top-0 -ml-6 -bottom-4\"></span>\n    </a>\n  </div>\n  <span class=\"md:block w-full truncate\">Dallas</span>\n  <h3 class=\"md:inline-block mt-3 md:mt-0 text-2xl text-gray-600 font-light leading-1.3\">\n    <a href=\"https://www.cloudflare.com/5xx-error-landing?utm_source=errorcode_521&utm_campaign=use1-10-archv2.private.alchemy.com\" target=\"_blank\" rel=\"noopener noreferrer\">\n    Cloudflare\n    </a>\n  </h3>\n  <span class=\"leading-1.3 text-2xl text-green-success\">Working</span>\n</div>\n\n<div id=\"cf-host-status\" class=\"cf-error-source relative w-1/3 md:w-full py-15 md:p-0 md:py-8 md:text-left md:border-solid md:border-0 md:border-b md:border-gray-400 overflow-hidden float-left md:float-none text-center\">\n  <div class=\"relative mb-10 md:m-0\">\n    \n    <span class=\"cf-icon-server block md:hidden h-20 bg-center bg-no-repeat\"></span>\n    <span class=\"cf-icon-error w-12 h-12 absolute left-1/2 md:left-auto md:right-0 md:top-0 -ml-6 -bottom-4\"></span>\n    \n  </div>\n  <span class=\"md:block w-full truncate\">use1-10-archv2.private.alchemy.com</span>\n  <h3 class=\"md:inline-block mt-3 md:mt-0 text-2xl text-gray-600 font-light leading-1.3\">\n    \n    Host\n    \n  </h3>\n  <span class=\"leading-1.3 text-2xl text-red-error\">Error</span>\n</div>\n\n                </div>\n            </div>\n        </div>\n\n        <div class=\"w-240 lg:w-full mx-auto mb-8 lg:px-8\">\n            <div class=\"clearfix\">\n                <div class=\"w-1/2 md:w-full float-left pr-6 md:pb-10 md:pr-0 leading-relaxed\">\n                    <h2 class=\"text-3xl font-normal leading-1.3 mb-4\">What happened?</h2>\n                    <p>The web server is not returning a connection. As a result, the web page is not displaying.</p>\n                </div>\n                <div class=\"w-1/2 md:w-full float-left leading-relaxed\">\n                    <h2 class=\"text-3xl font-normal leading-1.3 mb-4\">What can I do?</h2>\n                          <h3 class=\"text-15 font-semibold mb-2\">If you are a visitor of this website:</h3>\n      <p class=\"mb-6\">Please try again in a few minutes.</p>\n\n      <h3 class=\"text-15 font-semibold mb-2\">If you are the owner of this website:</h3>\n      <p><span>Contact your hosting provider letting them know your web server is not responding.</span> <a rel=\"noopener noreferrer\" href=\"https://developers.cloudflare.com/support/troubleshooting/http-status-codes/cloudflare-5xx-errors/error-521/\">Additional troubleshooting information</a>.</p>\n                </div>\n            </div>\n        </div>\n\n        <div class=\"cf-error-footer cf-wrapper w-240 lg:w-full py-10 sm:py-4 sm:px-8 mx-auto text-center sm:text-left border-solid border-0 border-t border-gray-300\">\n  <p class=\"text-13\">\n    <span class=\"cf-footer-item sm:block sm:mb-1\">Cloudflare Ray ID: <strong class=\"font-semibold\">95d3285a23c067ae</strong></span>\n    <span class=\"cf-footer-separator sm:hidden\">&bull;</span>\n    <span id=\"cf-footer-item-ip\" class=\"cf-footer-item hidden sm:block sm:mb-1\">\n      Your IP:\n      <button type=\"button\" id=\"cf-footer-ip-reveal\" class=\"cf-footer-ip-reveal-btn\">Click to reveal</button>\n      <span class=\"hidden\" id=\"cf-footer-ip\">2a06:98c0:3600::103</span>\n      <span class=\"cf-footer-separator sm:hidden\">&bull;</span>\n    </span>\n    <span class=\"cf-footer-item sm:block sm:mb-1\"><span>Performance &amp; security by</span> <a rel=\"noopener noreferrer\" href=\"https://www.cloudflare.com/5xx-error-landing?utm_source=errorcode_521&utm_campaign=use1-10-archv2.private.alchemy.com\" id=\"brand_link\" target=\"_blank\">Cloudflare</a></span>\n    \n  </p>\n  <script>(function(){function d(){var b=a.getElementById(\"cf-footer-item-ip\"),c=a.getElementById(\"cf-footer-ip-reveal\");b&&\"classList\"in b&&(b.classList.remove(\"hidden\"),c.addEventListener(\"click\",function(){c.classList.add(\"hidden\");a.getElementById(\"cf-footer-ip\").classList.remove(\"hidden\")}))}var a=document;document.addEventListener&&a.addEventListener(\"DOMContentLoaded\",d)})();</script>\n</div><!-- /.error-footer -->\n\n\n    </div>\n</div>\n</body>\n</html>\n"
0xFaD7C5e93f28257429569B854151A1B8DCD404c2
0xFaD7C5e93f28257429569B854151A1B8DCD404c2
0xFaD7C5e93f28257429569B854151A1B8DCD404c2
0xFaD7C5e93f28257429569B854151A1B8DCD404c2
0xFaD7C5e93f28257429569B854151A1B8DCD404c2
0xFaD7C5e93f28257429569B854151A1B8DCD404c2
TypeError: Cannot read properties of undefined (reading 'hasHydrated')
    at /home/gensyn/rl_swarm/modal-login/.next/server/chunks/983.js:95:24083
    at m (/home/gensyn/rl_swarm/modal-login/.next/server/chunks/983.js:95:24991)
    at nj (/home/gensyn/rl_swarm/modal-login/node_modules/next/dist/compiled/next-server/app-page.runtime.prod.js:12:46251)
    at nM (/home/gensyn/rl_swarm/modal-login/node_modules/next/dist/compiled/next-server/app-page.runtime.prod.js:12:47571)
    at nN (/home/gensyn/rl_swarm/modal-login/node_modules/next/dist/compiled/next-server/app-page.runtime.prod.js:12:64546)
    at nI (/home/gensyn/rl_swarm/modal-login/node_modules/next/dist/compiled/next-server/app-page.runtime.prod.js:12:47010)
    at nM (/home/gensyn/rl_swarm/modal-login/node_modules/next/dist/compiled/next-server/app-page.runtime.prod.js:12:47717)
    at nN (/home/gensyn/rl_swarm/modal-login/node_modules/next/dist/compiled/next-server/app-page.runtime.prod.js:12:64546)
    at nM (/home/gensyn/rl_swarm/modal-login/node_modules/next/dist/compiled/next-server/app-page.runtime.prod.js:12:61156)
    at nN (/home/gensyn/rl_swarm/modal-login/node_modules/next/dist/compiled/next-server/app-page.runtime.prod.js:12:64546) {
  digest: '3338430845'
}
TypeError: Cannot read properties of undefined (reading 'hasHydrated')
    at /home/gensyn/rl_swarm/modal-login/.next/server/chunks/983.js:95:24083
    at m (/home/gensyn/rl_swarm/modal-login/.next/server/chunks/983.js:95:24991)
    at nj (/home/gensyn/rl_swarm/modal-login/node_modules/next/dist/compiled/next-server/app-page.runtime.prod.js:12:46251)
    at nM (/home/gensyn/rl_swarm/modal-login/node_modules/next/dist/compiled/next-server/app-page.runtime.prod.js:12:47571)
    at nN (/home/gensyn/rl_swarm/modal-login/node_modules/next/dist/compiled/next-server/app-page.runtime.prod.js:12:64546)
    at nI (/home/gensyn/rl_swarm/modal-login/node_modules/next/dist/compiled/next-server/app-page.runtime.prod.js:12:47010)
    at nM (/home/gensyn/rl_swarm/modal-login/node_modules/next/dist/compiled/next-server/app-page.runtime.prod.js:12:47717)
    at nN (/home/gensyn/rl_swarm/modal-login/node_modules/next/dist/compiled/next-server/app-page.runtime.prod.js:12:64546)
    at nM (/home/gensyn/rl_swarm/modal-login/node_modules/next/dist/compiled/next-server/app-page.runtime.prod.js:12:61156)
    at nN (/home/gensyn/rl_swarm/modal-login/node_modules/next/dist/compiled/next-server/app-page.runtime.prod.js:12:64546) {
  digest: '3338430845'
}
0xFaD7C5e93f28257429569B854151A1B8DCD404c2
0xFaD7C5e93f28257429569B854151A1B8DCD404c2
0xFaD7C5e93f28257429569B854151A1B8DCD404c2
0xFaD7C5e93f28257429569B854151A1B8DCD404c2
TypeError: Cannot read properties of undefined (reading 'hasHydrated')
    at /home/gensyn/rl_swarm/modal-login/.next/server/chunks/983.js:95:24083
    at m (/home/gensyn/rl_swarm/modal-login/.next/server/chunks/983.js:95:24991)
    at nj (/home/gensyn/rl_swarm/modal-login/node_modules/next/dist/compiled/next-server/app-page.runtime.prod.js:12:46251)
    at nM (/home/gensyn/rl_swarm/modal-login/node_modules/next/dist/compiled/next-server/app-page.runtime.prod.js:12:47571)
    at nN (/home/gensyn/rl_swarm/modal-login/node_modules/next/dist/compiled/next-server/app-page.runtime.prod.js:12:64546)
    at nI (/home/gensyn/rl_swarm/modal-login/node_modules/next/dist/compiled/next-server/app-page.runtime.prod.js:12:47010)
    at nM (/home/gensyn/rl_swarm/modal-login/node_modules/next/dist/compiled/next-server/app-page.runtime.prod.js:12:47717)
    at nN (/home/gensyn/rl_swarm/modal-login/node_modules/next/dist/compiled/next-server/app-page.runtime.prod.js:12:64546)
    at nM (/home/gensyn/rl_swarm/modal-login/node_modules/next/dist/compiled/next-server/app-page.runtime.prod.js:12:61156)
    at nN (/home/gensyn/rl_swarm/modal-login/node_modules/next/dist/compiled/next-server/app-page.runtime.prod.js:12:64546) {
  digest: '3338430845'
}
0xFaD7C5e93f28257429569B854151A1B8DCD404c2
0xFaD7C5e93f28257429569B854151A1B8DCD404c2
